#-----------------------------------------------------------
# Vivado v2020.2 (64-bit)
# SW Build 3064766 on Wed Nov 18 09:12:45 MST 2020
# IP Build 3064653 on Wed Nov 18 14:17:31 MST 2020
# Start of session at: Fri Mar  5 12:36:10 2021
# Process ID: 18832
# Current directory: C:/Users/42077/Documents/Zuzana_Czmelova/Digital-electronics-1/Labs/03-vivado/projects/comparator_2bit
# Command line: vivado.exe -gui_launcher_event rodinguilauncherevent28796 C:\Users\42077\Documents\Zuzana_Czmelova\Digital-electronics-1\Labs\03-vivado\projects\comparator_2bit\comparator_2bit.xpr
# Log file: C:/Users/42077/Documents/Zuzana_Czmelova/Digital-electronics-1/Labs/03-vivado/projects/comparator_2bit/vivado.log
# Journal file: C:/Users/42077/Documents/Zuzana_Czmelova/Digital-electronics-1/Labs/03-vivado/projects/comparator_2bit\vivado.jou
#-----------------------------------------------------------
start_gui
open_project C:/Users/42077/Documents/Zuzana_Czmelova/Digital-electronics-1/Labs/03-vivado/projects/comparator_2bit/comparator_2bit.xpr
INFO: [ProjectBase 1-489] The host OS only allows 260 characters in a normal path. The project is stored in a path with more than 80 characters. If you experience issues with IP, Block Designs, or files not being found, please consider moving the project to a location with a shorter path. Alternately consider using the OS subst command to map part of the path to a drive letter.
Current project path is 'C:/Users/42077/Documents/Zuzana_Czmelova/Digital-electronics-1/Labs/03-vivado/projects/comparator_2bit'
INFO: [Project 1-313] Project file moved from 'C:/Users/42077/Documents/Zuzana_Czmelova/Digital-electronics-1/Labs/03-vivado/comparator_2bit' since last save.
INFO: [filemgmt 56-1] Board Part Repository Path: Directory not found as 'C:/Users/42077/Documents/AppData/Roaming/Xilinx/Vivado/2020.2/xhub/board_store/xilinx_board_store'; using path 'C:/Users/42077/AppData/Roaming/Xilinx/Vivado/2020.2/xhub/board_store/xilinx_board_store' instead.
WARNING: [filemgmt 56-2] Default IP Output Path : Could not find the directory 'C:/Users/42077/Documents/Zuzana_Czmelova/Digital-electronics-1/Labs/03-vivado/projects/comparator_2bit/comparator_2bit.gen/sources_1', nor could it be found using path 'C:/Users/42077/Documents/Zuzana_Czmelova/Digital-electronics-1/Labs/03-vivado/comparator_2bit/comparator_2bit.gen/sources_1'.
Scanning sources...
Finished scanning sources
INFO: [IP_Flow 19-234] Refreshing IP repositories
INFO: [IP_Flow 19-1704] No user IP repositories specified
INFO: [IP_Flow 19-2313] Loaded Vivado IP repository 'C:/Users/42077/Desktop/Vivado/2020.2/data/ip'.
open_project: Time (s): cpu = 00:00:23 ; elapsed = 00:00:10 . Memory (MB): peak = 1001.949 ; gain = 0.000
update_compile_order -fileset sources_1
exit
INFO: [Common 17-206] Exiting Vivado at Fri Mar  5 13:01:36 2021...
